<?xml version="1.0" encoding="UTF-8"?>
<!-- Generated by org.testng.reporters.JUnitXMLReporter -->
<testsuite ignored="0" hostname="Maheswaridarla" failures="3" tests="3" name="Test_contact" time="0.061" errors="0" timestamp="2025-07-22T17:27:57 IST">
  <testcase classname="Contact_Module.ContactScenariosTest" name="CreateNewContact" time="0.0">
    <failure type="org.testng.TestNGException" message="
Parameter &amp;apos;browser&amp;apos; is required by @Test on method CreateNewContact but has not been marked @Optional or defined
in D:\Java Codes Eclipse\VTiger_CRM_Application\ParllaleDstExecution.xml">
      <![CDATA[org.testng.TestNGException: 
Parameter 'browser' is required by @Test on method CreateNewContact but has not been marked @Optional or defined
in D:\Java Codes Eclipse\VTiger_CRM_Application\ParllaleDstExecution.xml
at java.base/java.util.ArrayList.forEach(ArrayList.java:1596)
at java.base/java.util.concurrent.FutureTask.run(FutureTask.java:317)
at java.base/java.util.concurrent.ThreadPoolExecutor.runWorker(ThreadPoolExecutor.java:1144)
at java.base/java.util.concurrent.ThreadPoolExecutor$Worker.run(ThreadPoolExecutor.java:642)
at java.base/java.lang.Thread.run(Thread.java:1583)
... Removed 16 stack frames]]>
    </failure>
  </testcase> <!-- CreateNewContact -->
  <testcase classname="Contact_Module.ContactScenariosTest" name="CreateNewContact1" time="0.0">
    <failure type="org.testng.TestNGException" message="
Parameter &amp;apos;browser&amp;apos; is required by @Test on method CreateNewContact1 but has not been marked @Optional or defined
in D:\Java Codes Eclipse\VTiger_CRM_Application\ParllaleDstExecution.xml">
      <![CDATA[org.testng.TestNGException: 
Parameter 'browser' is required by @Test on method CreateNewContact1 but has not been marked @Optional or defined
in D:\Java Codes Eclipse\VTiger_CRM_Application\ParllaleDstExecution.xml
at java.base/java.util.ArrayList.forEach(ArrayList.java:1596)
at java.base/java.util.concurrent.FutureTask.run(FutureTask.java:317)
at java.base/java.util.concurrent.ThreadPoolExecutor.runWorker(ThreadPoolExecutor.java:1144)
at java.base/java.util.concurrent.ThreadPoolExecutor$Worker.run(ThreadPoolExecutor.java:642)
at java.base/java.lang.Thread.run(Thread.java:1583)
... Removed 16 stack frames]]>
    </failure>
  </testcase> <!-- CreateNewContact1 -->
  <testcase classname="Contact_Module.ContactScenariosTest" name="Create_Orgwith_Cont" time="0.0">
    <failure type="org.testng.TestNGException" message="
Parameter &amp;apos;browser&amp;apos; is required by @Test on method Create_Orgwith_Cont but has not been marked @Optional or defined
in D:\Java Codes Eclipse\VTiger_CRM_Application\ParllaleDstExecution.xml">
      <![CDATA[org.testng.TestNGException: 
Parameter 'browser' is required by @Test on method Create_Orgwith_Cont but has not been marked @Optional or defined
in D:\Java Codes Eclipse\VTiger_CRM_Application\ParllaleDstExecution.xml
at java.base/java.util.ArrayList.forEach(ArrayList.java:1596)
at java.base/java.util.concurrent.FutureTask.run(FutureTask.java:317)
at java.base/java.util.concurrent.ThreadPoolExecutor.runWorker(ThreadPoolExecutor.java:1144)
at java.base/java.util.concurrent.ThreadPoolExecutor$Worker.run(ThreadPoolExecutor.java:642)
at java.base/java.lang.Thread.run(Thread.java:1583)
... Removed 16 stack frames]]>
    </failure>
  </testcase> <!-- Create_Orgwith_Cont -->
</testsuite> <!-- Test_contact -->
